<?xml version="1.0" encoding="UTF-8"?>
<!-- Generated by org.testng.reporters.JUnitXMLReporter -->
<testsuite ignored="0" hostname="DESKTOP-2IJS79F" failures="0" tests="3" name="Default test" time="1.697" errors="0" timestamp="2023-05-24T11:40:32 IST">
  <testcase classname="testngPractice.Fromexcel" name="getdata" time="0.014"/>
  <testcase classname="testngPractice.Fromexcel" name="getdata" time="0.004"/>
  <testcase classname="testngPractice.Fromexcel" name="getdata" time="0.003"/>
</testsuite> <!-- Default test -->
