<?xml version="1.0" encoding="UTF-8"?>
<testng-results ignored="0" total="3" passed="3" failed="0" skipped="0">
  <reporter-output>
  </reporter-output>
  <suite started-at="2023-05-24T11:40:30 IST" name="Default suite" finished-at="2023-05-24T11:40:32 IST" duration-ms="1697">
    <groups>
    </groups>
    <test started-at="2023-05-24T11:40:30 IST" name="Default test" finished-at="2023-05-24T11:40:32 IST" duration-ms="1697">
      <class name="testngPractice.Fromexcel">
        <test-method signature="getdata(java.lang.String,java.lang.String,java.lang.String)[pri:0, instance:testngPractice.Fromexcel@7205765b]" started-at="2023-05-24T11:40:32 IST" name="getdata" data-provider="getdata" finished-at="2023-05-24T11:40:32 IST" duration-ms="14" status="PASS">
          <params>
            <param index="0">
              <value>
                <![CDATA[Bangalore]]>
              </value>
            </param>
            <param index="1">
              <value>
                <![CDATA[Mysuru]]>
              </value>
            </param>
            <param index="2">
              <value>
                <![CDATA[150]]>
              </value>
            </param>
          </params>
          <reporter-output>
          </reporter-output>
        </test-method> <!-- getdata -->
        <test-method signature="getdata(java.lang.String,java.lang.String,java.lang.String)[pri:0, instance:testngPractice.Fromexcel@7205765b]" started-at="2023-05-24T11:40:32 IST" name="getdata" data-provider="getdata" finished-at="2023-05-24T11:40:32 IST" duration-ms="4" status="PASS">
          <params>
            <param index="0">
              <value>
                <![CDATA[Mysuru]]>
              </value>
            </param>
            <param index="1">
              <value>
                <![CDATA[Coorg]]>
              </value>
            </param>
            <param index="2">
              <value>
                <![CDATA[120]]>
              </value>
            </param>
          </params>
          <reporter-output>
          </reporter-output>
        </test-method> <!-- getdata -->
        <test-method signature="getdata(java.lang.String,java.lang.String,java.lang.String)[pri:0, instance:testngPractice.Fromexcel@7205765b]" started-at="2023-05-24T11:40:32 IST" name="getdata" data-provider="getdata" finished-at="2023-05-24T11:40:32 IST" duration-ms="3" status="PASS">
          <params>
            <param index="0">
              <value>
                <![CDATA[Coorg]]>
              </value>
            </param>
            <param index="1">
              <value>
                <![CDATA[Mangluru]]>
              </value>
            </param>
            <param index="2">
              <value>
                <![CDATA[150]]>
              </value>
            </param>
          </params>
          <reporter-output>
          </reporter-output>
        </test-method> <!-- getdata -->
      </class> <!-- testngPractice.Fromexcel -->
    </test> <!-- Default test -->
  </suite> <!-- Default suite -->
</testng-results>
